{"level":"info","message":"MongoDB connected...","service":"user-service","timestamp":"2024-08-15 00:48:37"}
{"level":"info","message":"Server running on port 8080","service":"user-service","timestamp":"2024-08-15 00:48:37"}
{"level":"info","message":"MongoDB connected...","service":"user-service","timestamp":"2024-08-15 00:49:57"}
{"level":"info","message":"Server running on port 8080","service":"user-service","timestamp":"2024-08-15 00:49:57"}
{"level":"info","message":"MongoDB connected...","service":"user-service","timestamp":"2024-08-15 00:54:02"}
{"level":"info","message":"Server running on port 8080","service":"user-service","timestamp":"2024-08-15 00:54:02"}
{"level":"info","message":"MongoDB connected...","service":"user-service","timestamp":"2024-08-15 00:54:34"}
{"level":"info","message":"Server running on port 8080","service":"user-service","timestamp":"2024-08-15 00:54:34"}
{"level":"info","message":"MongoDB connected...","service":"user-service","timestamp":"2024-08-15 00:55:29"}
{"level":"info","message":"Server running on port 8080","service":"user-service","timestamp":"2024-08-15 00:55:29"}
{"level":"info","message":"MongoDB connected...","service":"user-service","timestamp":"2024-08-15 01:10:44"}
{"level":"info","message":"Server running on port 8080","service":"user-service","timestamp":"2024-08-15 01:10:44"}
{"level":"info","message":"MongoDB connected...","service":"user-service","timestamp":"2024-08-15 01:40:08"}
{"level":"info","message":"Server running on port 8080","service":"user-service","timestamp":"2024-08-15 01:40:08"}
{"level":"info","message":"MongoDB connected...","service":"user-service","timestamp":"2024-08-15 08:16:28"}
{"level":"info","message":"Server running on port 8080","service":"user-service","timestamp":"2024-08-15 08:16:28"}
{"level":"info","message":"MongoDB connected...","service":"user-service","timestamp":"2024-08-15 08:21:01"}
{"level":"info","message":"Server running on port 8080","service":"user-service","timestamp":"2024-08-15 08:21:01"}
{"level":"info","message":"MongoDB connected...","service":"user-service","timestamp":"2024-08-15 08:21:07"}
{"level":"info","message":"Server running on port 8080","service":"user-service","timestamp":"2024-08-15 08:21:07"}
{"level":"info","message":"MongoDB connected...","service":"user-service","timestamp":"2024-08-15 08:31:22"}
{"level":"info","message":"Server running on port 8080","service":"user-service","timestamp":"2024-08-15 08:31:22"}
{"level":"info","message":"MongoDB connected...","service":"user-service","timestamp":"2024-08-15 08:35:08"}
{"level":"info","message":"Server running on port 8080","service":"user-service","timestamp":"2024-08-15 08:35:08"}
{"level":"error","message":"500 - Failed to lookup view \"login\" in views directory \"D:\\AnaSofiaZeballos\\ecommerce_CH53115\\src\\views\" - /login - GET - ::1","service":"user-service","timestamp":"2024-08-15 08:35:13"}
{"level":"info","message":"MongoDB connected...","service":"user-service","timestamp":"2024-08-15 08:39:01"}
{"level":"info","message":"Server running on port 8080","service":"user-service","timestamp":"2024-08-15 08:39:01"}
{"level":"info","message":"MongoDB connected...","service":"user-service","timestamp":"2024-08-15 08:49:50"}
{"level":"info","message":"Server running on port 8080","service":"user-service","timestamp":"2024-08-15 08:49:50"}
{"level":"info","message":"MongoDB connected...","service":"user-service","timestamp":"2024-08-15 08:49:56"}
{"level":"info","message":"Server running on port 8080","service":"user-service","timestamp":"2024-08-15 08:49:56"}
{"level":"info","message":"MongoDB connected...","service":"user-service","timestamp":"2024-08-15 08:53:56"}
{"level":"info","message":"Server running on port 8080","service":"user-service","timestamp":"2024-08-15 08:53:56"}
{"level":"error","message":"500 - Failed to lookup view \"login\" in views directory \"D:\\AnaSofiaZeballos\\ecommerce_CH53115\\src\\views\" - /login - GET - ::1","service":"user-service","timestamp":"2024-08-15 09:12:28"}
{"level":"error","message":"500 - Failed to lookup view \"login\" in views directory \"D:\\AnaSofiaZeballos\\ecommerce_CH53115\\src\\views\" - /login - GET - ::1","service":"user-service","timestamp":"2024-08-15 09:27:15"}
{"level":"error","message":"500 - Failed to lookup view \"login\" in views directory \"D:\\AnaSofiaZeballos\\ecommerce_CH53115\\src\\views\" - /login - GET - ::1","service":"user-service","timestamp":"2024-08-15 09:29:03"}
{"level":"error","message":"500 - Failed to lookup view \"login\" in views directory \"D:\\AnaSofiaZeballos\\ecommerce_CH53115\\src\\views\" - /login - GET - ::1","service":"user-service","timestamp":"2024-08-15 09:29:30"}
{"level":"info","message":"MongoDB connected...","service":"user-service","timestamp":"2024-08-15 09:30:43"}
{"level":"info","message":"Server running on port 8080","service":"user-service","timestamp":"2024-08-15 09:30:43"}
{"level":"info","message":"MongoDB connected...","service":"user-service","timestamp":"2024-08-15 09:30:53"}
{"level":"info","message":"Server running on port 8080","service":"user-service","timestamp":"2024-08-15 09:30:53"}
{"level":"error","message":"500 - Failed to lookup view \"login\" in views directory \"D:\\AnaSofiaZeballos\\ecommerce_CH53115\\src\\views\" - /login - GET - ::1","service":"user-service","timestamp":"2024-08-15 09:30:54"}
{"level":"error","message":"500 - Failed to lookup view \"login\" in views directory \"D:\\AnaSofiaZeballos\\ecommerce_CH53115\\src\\views\" - /login - GET - ::1","service":"user-service","timestamp":"2024-08-15 09:30:55"}
{"level":"error","message":"500 - Failed to lookup view \"login\" in views directory \"D:\\AnaSofiaZeballos\\ecommerce_CH53115\\src\\views\" - /login - GET - ::1","service":"user-service","timestamp":"2024-08-15 09:32:20"}
{"level":"info","message":"MongoDB connected...","service":"user-service","timestamp":"2024-08-15 09:36:03"}
{"level":"info","message":"Server running on port 8080","service":"user-service","timestamp":"2024-08-15 09:36:03"}
{"level":"error","message":"500 - Failed to lookup view \"login\" in views directory \"D:\\AnaSofiaZeballos\\ecommerce_CH53115\\src\\views\" - /login - GET - ::1","service":"user-service","timestamp":"2024-08-15 09:36:46"}
{"level":"error","message":"500 - Failed to lookup view \"login\" in views directory \"D:\\AnaSofiaZeballos\\ecommerce_CH53115\\src\\views\" - /login - GET - ::1","service":"user-service","timestamp":"2024-08-15 09:37:06"}
{"level":"error","message":"500 - Failed to lookup view \"login\" in views directory \"D:\\AnaSofiaZeballos\\ecommerce_CH53115\\src\\views\" - /login - GET - ::1","service":"user-service","timestamp":"2024-08-15 09:38:28"}
{"level":"error","message":"500 - Failed to lookup view \"login\" in views directory \"D:\\AnaSofiaZeballos\\ecommerce_CH53115\\src\\views\" - /login - GET - ::1","service":"user-service","timestamp":"2024-08-15 09:39:42"}
{"level":"info","message":"MongoDB connected...","service":"user-service","timestamp":"2024-08-15 09:48:20"}
{"level":"info","message":"Server running on port 8080","service":"user-service","timestamp":"2024-08-15 09:48:20"}
{"level":"info","message":"MongoDB connected...","service":"user-service","timestamp":"2024-08-15 09:49:51"}
{"level":"info","message":"Server running on port 8080","service":"user-service","timestamp":"2024-08-15 09:49:51"}
{"level":"info","message":"MongoDB connected...","service":"user-service","timestamp":"2024-08-15 09:50:11"}
{"level":"info","message":"Server running on port 8080","service":"user-service","timestamp":"2024-08-15 09:50:11"}
{"level":"error","message":"500 - No default engine was specified and no extension was provided. - /login - GET - ::1","service":"user-service","timestamp":"2024-08-15 09:50:26"}
{"level":"error","message":"500 - No default engine was specified and no extension was provided. - /login - GET - ::1","service":"user-service","timestamp":"2024-08-15 09:50:26"}
{"level":"error","message":"500 - No default engine was specified and no extension was provided. - /login - GET - ::1","service":"user-service","timestamp":"2024-08-15 09:50:31"}
{"level":"error","message":"500 - No default engine was specified and no extension was provided. - /login - GET - ::1","service":"user-service","timestamp":"2024-08-15 09:50:52"}
{"level":"info","message":"MongoDB connected...","service":"user-service","timestamp":"2024-08-15 09:51:52"}
{"level":"info","message":"Server running on port 8080","service":"user-service","timestamp":"2024-08-15 09:51:52"}
{"level":"info","message":"MongoDB connected...","service":"user-service","timestamp":"2024-08-15 10:03:33"}
{"level":"info","message":"Server running on port 8080","service":"user-service","timestamp":"2024-08-15 10:03:33"}
{"level":"info","message":"MongoDB connected...","service":"user-service","timestamp":"2024-08-15 10:03:44"}
{"level":"info","message":"Server running on port 8080","service":"user-service","timestamp":"2024-08-15 10:03:44"}
{"level":"error","message":"500 - Failed to lookup view \"login\" in views directory \"D:\\AnaSofiaZeballos\\ecommerce_CH53115\\src\\views\" - /login - GET - ::1","service":"user-service","timestamp":"2024-08-15 10:03:48"}
{"level":"info","message":"MongoDB connected...","service":"user-service","timestamp":"2024-08-15 10:04:46"}
{"level":"info","message":"Server running on port 8080","service":"user-service","timestamp":"2024-08-15 10:04:46"}
{"level":"info","message":"MongoDB connected...","service":"user-service","timestamp":"2024-08-15 10:04:49"}
{"level":"info","message":"Server running on port 8080","service":"user-service","timestamp":"2024-08-15 10:04:50"}
{"level":"error","message":"500 - Failed to lookup view \"login\" in views directory \"D:\\AnaSofiaZeballos\\ecommerce_CH53115\\src\\views\" - /login - GET - ::1","service":"user-service","timestamp":"2024-08-15 10:04:51"}
{"level":"error","message":"500 - Failed to lookup view \"login\" in views directory \"D:\\AnaSofiaZeballos\\ecommerce_CH53115\\src\\views\" - /login - GET - ::1","service":"user-service","timestamp":"2024-08-15 10:04:53"}
{"level":"error","message":"500 - Failed to lookup view \"login\" in views directory \"D:\\AnaSofiaZeballos\\ecommerce_CH53115\\src\\views\" - /login - GET - ::1","service":"user-service","timestamp":"2024-08-15 10:04:55"}
{"level":"error","message":"500 - Failed to lookup view \"login\" in views directory \"D:\\AnaSofiaZeballos\\ecommerce_CH53115\\src\\views\" - /login - GET - ::1","service":"user-service","timestamp":"2024-08-15 10:04:57"}
{"level":"error","message":"500 - Failed to lookup view \"login\" in views directory \"D:\\AnaSofiaZeballos\\ecommerce_CH53115\\src\\views\" - /login - GET - ::1","service":"user-service","timestamp":"2024-08-15 10:05:02"}
{"level":"info","message":"MongoDB connected...","service":"user-service","timestamp":"2024-08-15 10:05:16"}
{"level":"info","message":"Server running on port 8080","service":"user-service","timestamp":"2024-08-15 10:05:16"}
{"level":"info","message":"MongoDB connected...","service":"user-service","timestamp":"2024-08-15 10:07:08"}
{"level":"info","message":"Server running on port 8080","service":"user-service","timestamp":"2024-08-15 10:07:08"}
{"level":"info","message":"MongoDB connected...","service":"user-service","timestamp":"2024-08-15 10:07:12"}
{"level":"info","message":"Server running on port 8080","service":"user-service","timestamp":"2024-08-15 10:07:12"}
{"level":"info","message":"MongoDB connected...","service":"user-service","timestamp":"2024-08-15 10:07:19"}
{"level":"info","message":"Server running on port 8080","service":"user-service","timestamp":"2024-08-15 10:07:19"}
{"level":"info","message":"MongoDB connected...","service":"user-service","timestamp":"2024-08-15 10:07:22"}
{"level":"info","message":"Server running on port 8080","service":"user-service","timestamp":"2024-08-15 10:07:22"}
{"level":"error","message":"500 - Failed to lookup view \"login\" in views directory \"D:\\AnaSofiaZeballos\\ecommerce_CH53115\\src\\views\" - /login - GET - ::1","service":"user-service","timestamp":"2024-08-15 10:08:23"}
{"level":"error","message":"500 - Failed to lookup view \"login\" in views directory \"D:\\AnaSofiaZeballos\\ecommerce_CH53115\\src\\views\" - /login - GET - ::1","service":"user-service","timestamp":"2024-08-15 10:08:24"}
{"level":"info","message":"MongoDB connected...","service":"user-service","timestamp":"2024-08-15 10:08:53"}
{"level":"info","message":"Server running on port 8080","service":"user-service","timestamp":"2024-08-15 10:08:53"}
{"level":"error","message":"500 - Failed to lookup view \"login\" in views directory \"D:\\AnaSofiaZeballos\\ecommerce_CH53115\\src\\views\" - /login - GET - ::1","service":"user-service","timestamp":"2024-08-15 10:08:55"}
{"level":"error","message":"500 - Failed to lookup view \"login\" in views directory \"D:\\AnaSofiaZeballos\\ecommerce_CH53115\\src\\views\" - /login - GET - ::1","service":"user-service","timestamp":"2024-08-15 10:09:05"}
{"level":"error","message":"500 - Failed to lookup view \"login\" in views directory \"D:\\AnaSofiaZeballos\\ecommerce_CH53115\\src\\views\" - /login - GET - ::1","service":"user-service","timestamp":"2024-08-15 10:09:06"}
{"level":"error","message":"500 - Failed to lookup view \"login\" in views directory \"D:\\AnaSofiaZeballos\\ecommerce_CH53115\\src\\views\" - /login - GET - ::1","service":"user-service","timestamp":"2024-08-15 10:09:49"}
{"level":"info","message":"MongoDB connected...","service":"user-service","timestamp":"2024-08-15 10:13:18"}
{"level":"info","message":"Server running on port 8080","service":"user-service","timestamp":"2024-08-15 10:13:18"}
{"level":"error","message":"500 - Failed to lookup view \"login\" in views directory \"D:\\AnaSofiaZeballos\\ecommerce_CH53115\\src\\views\" - /login - GET - ::1","service":"user-service","timestamp":"2024-08-15 10:13:27"}
{"level":"info","message":"MongoDB connected...","service":"user-service","timestamp":"2024-08-15 10:28:28"}
{"level":"info","message":"Server running on port 8080","service":"user-service","timestamp":"2024-08-15 10:28:28"}
{"level":"error","message":"500 - Failed to lookup view \"login\" in views directory \"D:\\AnaSofiaZeballos\\ecommerce_CH53115\\src\\views\" - /login - GET - ::1","service":"user-service","timestamp":"2024-08-15 10:28:33"}
{"level":"error","message":"500 - Failed to lookup view \"login\" in views directory \"D:\\AnaSofiaZeballos\\ecommerce_CH53115\\src\\views\" - /login - GET - ::1","service":"user-service","timestamp":"2024-08-15 10:28:34"}
{"level":"error","message":"500 - Failed to lookup view \"login\" in views directory \"D:\\AnaSofiaZeballos\\ecommerce_CH53115\\src\\views\" - /login - GET - ::1","service":"user-service","timestamp":"2024-08-15 10:28:35"}
{"level":"error","message":"500 - Failed to lookup view \"login\" in views directory \"D:\\AnaSofiaZeballos\\ecommerce_CH53115\\src\\views\" - /login - GET - ::1","service":"user-service","timestamp":"2024-08-15 10:28:36"}
{"level":"error","message":"500 - Failed to lookup view \"login\" in views directory \"D:\\AnaSofiaZeballos\\ecommerce_CH53115\\src\\views\" - /login - GET - ::1","service":"user-service","timestamp":"2024-08-15 10:28:37"}
{"level":"error","message":"500 - Failed to lookup view \"login\" in views directory \"D:\\AnaSofiaZeballos\\ecommerce_CH53115\\src\\views\" - /login - GET - ::1","service":"user-service","timestamp":"2024-08-15 10:30:53"}
{"level":"error","message":"500 - Failed to lookup view \"login\" in views directory \"D:\\AnaSofiaZeballos\\ecommerce_CH53115\\src\\views\" - /login - GET - ::1","service":"user-service","timestamp":"2024-08-15 10:31:02"}
{"level":"error","message":"500 - Failed to lookup view \"login\" in views directory \"D:\\AnaSofiaZeballos\\ecommerce_CH53115\\src\\views\" - /login - GET - ::1","service":"user-service","timestamp":"2024-08-15 10:31:12"}
{"level":"info","message":"MongoDB connected...","service":"user-service","timestamp":"2024-08-15 10:44:00"}
{"level":"info","message":"Server running on port 8080","service":"user-service","timestamp":"2024-08-15 10:44:00"}
{"level":"info","message":"MongoDB connected...","service":"user-service","timestamp":"2024-08-15 10:44:05"}
{"level":"info","message":"Server running on port 8080","service":"user-service","timestamp":"2024-08-15 10:44:05"}
{"level":"info","message":"MongoDB connected...","service":"user-service","timestamp":"2024-08-15 10:44:17"}
{"level":"info","message":"Server running on port 8080","service":"user-service","timestamp":"2024-08-15 10:44:17"}
{"level":"info","message":"MongoDB connected...","service":"user-service","timestamp":"2024-08-15 10:44:29"}
{"level":"info","message":"Server running on port 8080","service":"user-service","timestamp":"2024-08-15 10:44:29"}
{"level":"info","message":"MongoDB connected...","service":"user-service","timestamp":"2024-08-15 10:44:40"}
{"level":"info","message":"Server running on port 8080","service":"user-service","timestamp":"2024-08-15 10:44:40"}
{"level":"info","message":"MongoDB connected...","service":"user-service","timestamp":"2024-08-15 10:44:57"}
{"level":"info","message":"Server running on port 8080","service":"user-service","timestamp":"2024-08-15 10:44:57"}
{"level":"error","message":"500 - Failed to lookup view \"login\" in views directory \"D:\\AnaSofiaZeballos\\ecommerce_CH53115\\src\\views\" - /login - GET - ::1","service":"user-service","timestamp":"2024-08-15 10:45:05"}
{"level":"error","message":"500 - Failed to lookup view \"login\" in views directory \"D:\\AnaSofiaZeballos\\ecommerce_CH53115\\src\\views\" - /login - GET - ::1","service":"user-service","timestamp":"2024-08-15 10:45:08"}
{"level":"info","message":"MongoDB connected...","service":"user-service","timestamp":"2024-08-15 10:45:26"}
{"level":"info","message":"Server running on port 8080","service":"user-service","timestamp":"2024-08-15 10:45:26"}
{"level":"error","message":"500 - Failed to lookup view \"login\" in views directory \"D:\\AnaSofiaZeballos\\ecommerce_CH53115\\src\\views\" - /login - GET - ::1","service":"user-service","timestamp":"2024-08-15 10:45:56"}
{"level":"error","message":"500 - Failed to lookup view \"login\" in views directory \"D:\\AnaSofiaZeballos\\ecommerce_CH53115\\src\\views\" - /login - GET - ::1","service":"user-service","timestamp":"2024-08-15 10:45:58"}
{"level":"info","message":"MongoDB connected...","service":"user-service","timestamp":"2024-08-15 10:47:07"}
{"level":"info","message":"Server running on port 8080","service":"user-service","timestamp":"2024-08-15 10:47:07"}
{"level":"error","message":"500 - Failed to lookup view \"login\" in views directory \"D:\\AnaSofiaZeballos\\ecommerce_CH53115\\src\\views\" - /login - GET - ::1","service":"user-service","timestamp":"2024-08-15 10:47:07"}
{"level":"error","message":"500 - Failed to lookup view \"login\" in views directory \"D:\\AnaSofiaZeballos\\ecommerce_CH53115\\src\\views\" - /login - GET - ::1","service":"user-service","timestamp":"2024-08-15 10:47:09"}
{"level":"info","message":"MongoDB connected...","service":"user-service","timestamp":"2024-08-15 10:48:01"}
{"level":"info","message":"Server running on port 8080","service":"user-service","timestamp":"2024-08-15 10:48:01"}
{"level":"info","message":"MongoDB connected...","service":"user-service","timestamp":"2024-08-15 10:49:58"}
{"level":"info","message":"Server running on port 8080","service":"user-service","timestamp":"2024-08-15 10:49:58"}
{"level":"info","message":"MongoDB connected...","service":"user-service","timestamp":"2024-08-15 10:53:16"}
{"level":"info","message":"Server running on port 8080","service":"user-service","timestamp":"2024-08-15 10:53:16"}
{"level":"info","message":"MongoDB connected...","service":"user-service","timestamp":"2024-08-15 10:53:19"}
{"level":"info","message":"Server running on port 8080","service":"user-service","timestamp":"2024-08-15 10:53:19"}
{"level":"info","message":"MongoDB connected...","service":"user-service","timestamp":"2024-08-15 10:53:28"}
{"level":"info","message":"Server running on port 8080","service":"user-service","timestamp":"2024-08-15 10:53:28"}
{"level":"info","message":"MongoDB connected...","service":"user-service","timestamp":"2024-08-15 10:53:33"}
{"level":"info","message":"Server running on port 8080","service":"user-service","timestamp":"2024-08-15 10:53:33"}
{"level":"info","message":"MongoDB connected...","service":"user-service","timestamp":"2024-08-15 10:53:47"}
{"level":"info","message":"Server running on port 8080","service":"user-service","timestamp":"2024-08-15 10:53:47"}
{"level":"info","message":"MongoDB connected...","service":"user-service","timestamp":"2024-08-15 11:03:47"}
{"level":"info","message":"Server running on port 8080","service":"user-service","timestamp":"2024-08-15 11:03:47"}
{"level":"info","message":"MongoDB connected...","service":"user-service","timestamp":"2024-08-15 11:03:53"}
{"level":"info","message":"Server running on port 8080","service":"user-service","timestamp":"2024-08-15 11:03:53"}
{"level":"info","message":"MongoDB connected...","service":"user-service","timestamp":"2024-08-15 11:04:03"}
{"level":"info","message":"Server running on port 8080","service":"user-service","timestamp":"2024-08-15 11:04:03"}
{"level":"info","message":"MongoDB connected...","service":"user-service","timestamp":"2024-08-15 11:04:12"}
{"level":"info","message":"Server running on port 8080","service":"user-service","timestamp":"2024-08-15 11:04:12"}
{"level":"info","message":"MongoDB connected...","service":"user-service","timestamp":"2024-08-15 11:04:24"}
{"level":"info","message":"Server running on port 8080","service":"user-service","timestamp":"2024-08-15 11:04:24"}
{"level":"info","message":"MongoDB connected...","service":"user-service","timestamp":"2024-08-15 11:27:40"}
{"level":"info","message":"Server running on port 8080","service":"user-service","timestamp":"2024-08-15 11:27:40"}
{"level":"info","message":"MongoDB connected...","service":"user-service","timestamp":"2024-08-15 12:36:32"}
{"level":"info","message":"Server running on port 8080","service":"user-service","timestamp":"2024-08-15 12:36:32"}
{"level":"info","message":"MongoDB connected...","service":"user-service","timestamp":"2024-08-15 12:48:00"}
{"level":"info","message":"Server running on port 8080","service":"user-service","timestamp":"2024-08-15 12:48:00"}
{"level":"info","message":"MongoDB connected...","service":"user-service","timestamp":"2024-08-15 12:50:43"}
{"level":"info","message":"Server running on port 8080","service":"user-service","timestamp":"2024-08-15 12:50:43"}
{"level":"info","message":"MongoDB connected...","service":"user-service","timestamp":"2024-08-15 12:53:30"}
{"level":"info","message":"Server running on port 8080","service":"user-service","timestamp":"2024-08-15 12:53:30"}
{"level":"info","message":"MongoDB connected...","service":"user-service","timestamp":"2024-08-15 13:52:28"}
{"level":"info","message":"Server running on port 8080","service":"user-service","timestamp":"2024-08-15 13:52:28"}
{"level":"info","message":"MongoDB connected...","service":"user-service","timestamp":"2024-08-15 13:57:01"}
{"level":"info","message":"Server running on port 8080","service":"user-service","timestamp":"2024-08-15 13:57:01"}
{"level":"info","message":"MongoDB connected...","service":"user-service","timestamp":"2024-08-15 14:01:08"}
{"level":"info","message":"Server running on port 8080","service":"user-service","timestamp":"2024-08-15 14:01:08"}
{"level":"info","message":"MongoDB connected...","service":"user-service","timestamp":"2024-08-15 14:11:12"}
{"level":"info","message":"Server running on port 8080","service":"user-service","timestamp":"2024-08-15 14:11:12"}
{"level":"info","message":"MongoDB connected...","service":"user-service","timestamp":"2024-08-15 14:37:29"}
{"level":"info","message":"Server running on port 8080","service":"user-service","timestamp":"2024-08-15 14:37:29"}
{"level":"info","message":"MongoDB connected...","service":"user-service","timestamp":"2024-08-15 14:38:21"}
{"level":"info","message":"Server running on port 8080","service":"user-service","timestamp":"2024-08-15 14:38:21"}
{"level":"info","message":"MongoDB connected...","service":"user-service","timestamp":"2024-08-15 14:39:04"}
{"level":"info","message":"Server running on port 8080","service":"user-service","timestamp":"2024-08-15 14:39:04"}
{"level":"info","message":"MongoDB connected...","service":"user-service","timestamp":"2024-08-15 14:39:18"}
{"level":"info","message":"Server running on port 8080","service":"user-service","timestamp":"2024-08-15 14:39:18"}
{"level":"info","message":"MongoDB connected...","service":"user-service","timestamp":"2024-08-15 14:40:14"}
{"level":"info","message":"Server running on port 8080","service":"user-service","timestamp":"2024-08-15 14:40:14"}
{"level":"info","message":"MongoDB connected...","service":"user-service","timestamp":"2024-08-15 15:22:54"}
{"level":"info","message":"Server running on port 8080","service":"user-service","timestamp":"2024-08-15 15:22:54"}
{"level":"info","message":"MongoDB connected...","service":"user-service","timestamp":"2024-08-15 15:23:13"}
{"level":"info","message":"Server running on port 8080","service":"user-service","timestamp":"2024-08-15 15:23:13"}
{"level":"info","message":"MongoDB connected...","service":"user-service","timestamp":"2024-08-15 15:36:26"}
{"level":"info","message":"Server running on port 8080","service":"user-service","timestamp":"2024-08-15 15:36:26"}
{"level":"info","message":"MongoDB connected...","service":"user-service","timestamp":"2024-08-15 15:44:24"}
{"level":"info","message":"Server running on port 8080","service":"user-service","timestamp":"2024-08-15 15:44:24"}
{"level":"info","message":"MongoDB connected...","service":"user-service","timestamp":"2024-08-15 15:44:42"}
{"level":"info","message":"Server running on port 8080","service":"user-service","timestamp":"2024-08-15 15:44:42"}
{"level":"info","message":"MongoDB connected...","service":"user-service","timestamp":"2024-08-15 15:44:50"}
{"level":"info","message":"Server running on port 8080","service":"user-service","timestamp":"2024-08-15 15:44:50"}
{"level":"info","message":"MongoDB connected...","service":"user-service","timestamp":"2024-08-15 15:46:32"}
{"level":"info","message":"MongoDB connected...","service":"user-service","timestamp":"2024-08-15 15:47:07"}
{"level":"info","message":"Server running on port 8080","service":"user-service","timestamp":"2024-08-15 15:47:07"}
{"level":"info","message":"MongoDB connected...","service":"user-service","timestamp":"2024-08-15 15:48:09"}
{"level":"info","message":"Server running on port 8080","service":"user-service","timestamp":"2024-08-15 15:48:09"}
{"level":"info","message":"MongoDB connected...","service":"user-service","timestamp":"2024-08-15 15:51:19"}
{"level":"info","message":"Server running on port 8080","service":"user-service","timestamp":"2024-08-15 15:51:19"}
{"level":"info","message":"MongoDB connected...","service":"user-service","timestamp":"2024-08-15 16:11:26"}
{"level":"info","message":"Server running on port 8080","service":"user-service","timestamp":"2024-08-15 16:11:26"}
{"level":"info","message":"MongoDB connected...","service":"user-service","timestamp":"2024-08-15 16:14:34"}
{"level":"info","message":"Server running on port 8080","service":"user-service","timestamp":"2024-08-15 16:14:34"}
{"level":"info","message":"MongoDB connected...","service":"user-service","timestamp":"2024-08-15 16:15:29"}
{"level":"info","message":"Server running on port 8080","service":"user-service","timestamp":"2024-08-15 16:15:29"}
{"level":"info","message":"MongoDB connected...","service":"user-service","timestamp":"2024-08-15 16:15:44"}
{"level":"info","message":"Server running on port 8080","service":"user-service","timestamp":"2024-08-15 16:15:44"}
{"level":"info","message":"MongoDB connected...","service":"user-service","timestamp":"2024-08-15 19:19:30"}
{"level":"info","message":"Server running on port 8080","service":"user-service","timestamp":"2024-08-15 19:19:30"}
{"level":"info","message":"MongoDB connected...","service":"user-service","timestamp":"2024-08-15 19:22:21"}
{"level":"info","message":"Server running on port 8080","service":"user-service","timestamp":"2024-08-15 19:22:21"}
{"level":"info","message":"MongoDB connected...","service":"user-service","timestamp":"2024-08-15 19:32:56"}
{"level":"info","message":"Server running on port 8080","service":"user-service","timestamp":"2024-08-15 19:32:56"}
{"level":"info","message":"MongoDB connected...","service":"user-service","timestamp":"2024-08-15 21:16:36"}
{"level":"info","message":"Server running on port 8080","service":"user-service","timestamp":"2024-08-15 21:16:36"}
{"level":"info","message":"MongoDB connected...","service":"user-service","timestamp":"2024-08-15 21:17:02"}
{"level":"info","message":"Server running on port 8080","service":"user-service","timestamp":"2024-08-15 21:17:02"}
{"level":"info","message":"MongoDB connected...","service":"user-service","timestamp":"2024-08-15 22:24:12"}
{"level":"info","message":"Server running on port 8080","service":"user-service","timestamp":"2024-08-15 22:24:12"}
{"level":"info","message":"MongoDB connected...","service":"user-service","timestamp":"2024-08-16 13:57:01"}
{"level":"info","message":"Server running on port 8080","service":"user-service","timestamp":"2024-08-16 13:57:01"}
{"level":"info","message":"MongoDB connected...","service":"user-service","timestamp":"2024-08-16 14:01:53"}
{"level":"info","message":"Server running on port 8080","service":"user-service","timestamp":"2024-08-16 14:01:53"}
{"level":"info","message":"MongoDB connected...","service":"user-service","timestamp":"2024-08-16 14:02:51"}
{"level":"info","message":"Server running on port 8080","service":"user-service","timestamp":"2024-08-16 14:02:51"}
{"level":"info","message":"MongoDB connected...","service":"user-service","timestamp":"2024-08-16 14:03:10"}
{"level":"info","message":"Server running on port 8080","service":"user-service","timestamp":"2024-08-16 14:03:10"}
{"level":"info","message":"MongoDB connected...","service":"user-service","timestamp":"2024-08-16 14:19:39"}
{"level":"info","message":"Server running on port 8080","service":"user-service","timestamp":"2024-08-16 14:19:39"}
{"level":"info","message":"MongoDB connected...","service":"user-service","timestamp":"2024-08-16 14:29:14"}
{"level":"info","message":"Server running on port 8080","service":"user-service","timestamp":"2024-08-16 14:29:14"}
{"level":"info","message":"MongoDB connected...","service":"user-service","timestamp":"2024-08-16 14:29:21"}
{"level":"info","message":"Server running on port 8080","service":"user-service","timestamp":"2024-08-16 14:29:21"}
{"level":"info","message":"MongoDB connected...","service":"user-service","timestamp":"2024-08-16 14:29:26"}
{"level":"info","message":"Server running on port 8080","service":"user-service","timestamp":"2024-08-16 14:29:26"}
{"level":"info","message":"MongoDB connected...","service":"user-service","timestamp":"2024-08-16 14:29:29"}
{"level":"info","message":"Server running on port 8080","service":"user-service","timestamp":"2024-08-16 14:29:29"}
{"level":"info","message":"MongoDB connected...","service":"user-service","timestamp":"2024-08-16 14:29:32"}
{"level":"info","message":"Server running on port 8080","service":"user-service","timestamp":"2024-08-16 14:29:32"}
{"level":"info","message":"MongoDB connected...","service":"user-service","timestamp":"2024-08-16 14:29:46"}
{"level":"info","message":"Server running on port 8080","service":"user-service","timestamp":"2024-08-16 14:29:46"}
{"level":"info","message":"MongoDB connected...","service":"user-service","timestamp":"2024-08-16 14:29:49"}
{"level":"info","message":"Server running on port 8080","service":"user-service","timestamp":"2024-08-16 14:29:49"}
{"level":"info","message":"MongoDB connected...","service":"user-service","timestamp":"2024-08-16 14:30:01"}
{"level":"info","message":"Server running on port 8080","service":"user-service","timestamp":"2024-08-16 14:30:01"}
{"level":"info","message":"MongoDB connected...","service":"user-service","timestamp":"2024-08-16 14:30:10"}
{"level":"info","message":"Server running on port 8080","service":"user-service","timestamp":"2024-08-16 14:30:10"}
{"level":"info","message":"MongoDB connected...","service":"user-service","timestamp":"2024-08-16 14:32:37"}
{"level":"info","message":"Server running on port 8080","service":"user-service","timestamp":"2024-08-16 14:32:37"}
{"level":"info","message":"MongoDB connected...","service":"user-service","timestamp":"2024-08-16 14:34:38"}
{"level":"info","message":"Server running on port 8080","service":"user-service","timestamp":"2024-08-16 14:34:38"}
{"level":"info","message":"MongoDB connected...","service":"user-service","timestamp":"2024-08-16 14:34:42"}
{"level":"info","message":"Server running on port 8080","service":"user-service","timestamp":"2024-08-16 14:34:42"}
{"level":"info","message":"MongoDB connected...","service":"user-service","timestamp":"2024-08-16 14:35:03"}
{"level":"info","message":"Server running on port 8080","service":"user-service","timestamp":"2024-08-16 14:35:03"}
{"level":"info","message":"MongoDB connected...","service":"user-service","timestamp":"2024-08-16 14:35:26"}
{"level":"info","message":"Server running on port 8080","service":"user-service","timestamp":"2024-08-16 14:35:26"}
{"level":"info","message":"MongoDB connected...","service":"user-service","timestamp":"2024-08-16 14:35:31"}
{"level":"info","message":"Server running on port 8080","service":"user-service","timestamp":"2024-08-16 14:35:31"}
{"level":"info","message":"MongoDB connected...","service":"user-service","timestamp":"2024-08-16 14:36:49"}
{"level":"info","message":"Server running on port 8080","service":"user-service","timestamp":"2024-08-16 14:36:49"}
{"level":"info","message":"MongoDB connected...","service":"user-service","timestamp":"2024-08-16 14:39:32"}
{"level":"info","message":"Server running on port 8080","service":"user-service","timestamp":"2024-08-16 14:39:32"}
{"level":"info","message":"MongoDB connected...","service":"user-service","timestamp":"2024-08-16 14:42:04"}
{"level":"info","message":"Server running on port 8080","service":"user-service","timestamp":"2024-08-16 14:42:04"}
{"level":"info","message":"MongoDB connected...","service":"user-service","timestamp":"2024-08-16 14:42:22"}
{"level":"info","message":"Server running on port 8080","service":"user-service","timestamp":"2024-08-16 14:42:22"}
{"level":"info","message":"MongoDB connected...","service":"user-service","timestamp":"2024-08-16 14:43:36"}
{"level":"info","message":"Server running on port 8080","service":"user-service","timestamp":"2024-08-16 14:43:36"}
{"level":"info","message":"MongoDB connected...","service":"user-service","timestamp":"2024-08-16 14:44:18"}
{"level":"info","message":"Server running on port 8080","service":"user-service","timestamp":"2024-08-16 14:44:18"}
{"level":"info","message":"MongoDB connected...","service":"user-service","timestamp":"2024-08-16 17:05:28"}
{"level":"info","message":"Server running on port 8080","service":"user-service","timestamp":"2024-08-16 17:05:28"}
{"level":"info","message":"MongoDB connected...","service":"user-service","timestamp":"2024-08-16 17:05:44"}
{"level":"info","message":"Server running on port 8080","service":"user-service","timestamp":"2024-08-16 17:05:44"}
{"level":"info","message":"MongoDB connected...","service":"user-service","timestamp":"2024-08-16 17:06:10"}
{"level":"info","message":"Server running on port 8080","service":"user-service","timestamp":"2024-08-16 17:06:10"}
{"level":"info","message":"MongoDB connected...","service":"user-service","timestamp":"2024-08-16 17:30:34"}
{"level":"info","message":"Server running on port 8080","service":"user-service","timestamp":"2024-08-16 17:30:34"}
{"level":"info","message":"MongoDB connected...","service":"user-service","timestamp":"2024-08-16 17:37:45"}
{"level":"info","message":"Server running on port 8080","service":"user-service","timestamp":"2024-08-16 17:37:45"}
{"level":"info","message":"MongoDB connected...","service":"user-service","timestamp":"2024-08-16 17:44:48"}
{"level":"info","message":"Server running on port 8080","service":"user-service","timestamp":"2024-08-16 17:44:48"}
{"level":"info","message":"MongoDB connected...","service":"user-service","timestamp":"2024-08-16 17:47:36"}
{"level":"info","message":"Server running on port 8080","service":"user-service","timestamp":"2024-08-16 17:47:36"}
{"level":"info","message":"MongoDB connected...","service":"user-service","timestamp":"2024-08-16 17:57:19"}
{"level":"info","message":"Server running on port 8080","service":"user-service","timestamp":"2024-08-16 17:57:19"}
{"level":"info","message":"MongoDB connected...","service":"user-service","timestamp":"2024-08-16 18:00:00"}
{"level":"info","message":"Server running on port 8080","service":"user-service","timestamp":"2024-08-16 18:00:00"}
{"level":"info","message":"MongoDB connected...","service":"user-service","timestamp":"2024-08-16 18:00:05"}
{"level":"info","message":"Server running on port 8080","service":"user-service","timestamp":"2024-08-16 18:00:05"}
{"level":"info","message":"MongoDB connected...","service":"user-service","timestamp":"2024-08-16 18:00:09"}
{"level":"info","message":"Server running on port 8080","service":"user-service","timestamp":"2024-08-16 18:00:09"}
{"level":"info","message":"MongoDB connected...","service":"user-service","timestamp":"2024-08-16 18:00:15"}
{"level":"info","message":"Server running on port 8080","service":"user-service","timestamp":"2024-08-16 18:00:15"}
{"level":"info","message":"MongoDB connected...","service":"user-service","timestamp":"2024-08-16 18:00:22"}
{"level":"info","message":"Server running on port 8080","service":"user-service","timestamp":"2024-08-16 18:00:22"}
{"level":"info","message":"MongoDB connected...","service":"user-service","timestamp":"2024-08-16 18:02:16"}
{"level":"info","message":"Server running on port 8080","service":"user-service","timestamp":"2024-08-16 18:02:16"}
{"level":"info","message":"MongoDB connected...","service":"user-service","timestamp":"2024-08-16 18:02:24"}
{"level":"info","message":"Server running on port 8080","service":"user-service","timestamp":"2024-08-16 18:02:24"}
{"level":"info","message":"MongoDB connected...","service":"user-service","timestamp":"2024-08-16 18:08:05"}
{"level":"info","message":"Server running on port 8080","service":"user-service","timestamp":"2024-08-16 18:08:05"}
{"level":"info","message":"MongoDB connected...","service":"user-service","timestamp":"2024-08-16 18:11:29"}
{"level":"info","message":"Server running on port 8080","service":"user-service","timestamp":"2024-08-16 18:11:29"}
{"level":"info","message":"MongoDB connected...","service":"user-service","timestamp":"2024-08-16 18:11:33"}
{"level":"info","message":"Server running on port 8080","service":"user-service","timestamp":"2024-08-16 18:11:33"}
{"level":"info","message":"MongoDB connected...","service":"user-service","timestamp":"2024-08-16 18:13:17"}
{"level":"info","message":"Server running on port 8080","service":"user-service","timestamp":"2024-08-16 18:13:17"}
{"level":"info","message":"MongoDB connected...","service":"user-service","timestamp":"2024-08-16 18:13:57"}
{"level":"info","message":"Server running on port 8080","service":"user-service","timestamp":"2024-08-16 18:13:57"}
{"level":"info","message":"MongoDB connected...","service":"user-service","timestamp":"2024-08-16 18:14:08"}
{"level":"info","message":"Server running on port 8080","service":"user-service","timestamp":"2024-08-16 18:14:08"}
{"level":"info","message":"MongoDB connected...","service":"user-service","timestamp":"2024-08-16 18:15:31"}
{"level":"info","message":"Server running on port 8080","service":"user-service","timestamp":"2024-08-16 18:15:31"}
{"level":"info","message":"MongoDB connected...","service":"user-service","timestamp":"2024-08-16 18:23:49"}
{"level":"info","message":"Server running on port 8080","service":"user-service","timestamp":"2024-08-16 18:23:49"}
{"level":"info","message":"MongoDB connected...","service":"user-service","timestamp":"2024-08-16 18:23:56"}
{"level":"info","message":"Server running on port 8080","service":"user-service","timestamp":"2024-08-16 18:23:56"}
{"level":"error","message":"500 - No default engine was specified and no extension was provided. - /login - GET - ::ffff:127.0.0.1","service":"user-service","timestamp":"2024-08-16 18:24:08"}
{"level":"error","message":"500 - No default engine was specified and no extension was provided. - /login - GET - ::1","service":"user-service","timestamp":"2024-08-16 18:24:10"}
{"level":"info","message":"MongoDB connected...","service":"user-service","timestamp":"2024-08-16 18:25:57"}
{"level":"info","message":"Server running on port 8080","service":"user-service","timestamp":"2024-08-16 18:25:57"}
{"level":"info","message":"MongoDB connected...","service":"user-service","timestamp":"2024-08-16 18:26:01"}
{"level":"info","message":"Server running on port 8080","service":"user-service","timestamp":"2024-08-16 18:26:01"}
{"level":"info","message":"MongoDB connected...","service":"user-service","timestamp":"2024-08-16 18:26:07"}
{"level":"info","message":"Server running on port 8080","service":"user-service","timestamp":"2024-08-16 18:26:07"}
{"level":"info","message":"MongoDB connected...","service":"user-service","timestamp":"2024-08-16 18:26:11"}
{"level":"info","message":"Server running on port 8080","service":"user-service","timestamp":"2024-08-16 18:26:11"}
{"level":"info","message":"MongoDB connected...","service":"user-service","timestamp":"2024-08-16 18:33:18"}
{"level":"info","message":"Server running on port 8080","service":"user-service","timestamp":"2024-08-16 18:33:18"}
{"level":"info","message":"MongoDB connected...","service":"user-service","timestamp":"2024-08-16 18:34:25"}
{"level":"info","message":"Server running on port 8080","service":"user-service","timestamp":"2024-08-16 18:34:25"}
{"level":"info","message":"MongoDB connected...","service":"user-service","timestamp":"2024-08-16 18:38:30"}
{"level":"info","message":"Server running on port 8080","service":"user-service","timestamp":"2024-08-16 18:38:30"}
{"level":"info","message":"MongoDB connected...","service":"user-service","timestamp":"2024-08-16 18:38:38"}
{"level":"info","message":"Server running on port 8080","service":"user-service","timestamp":"2024-08-16 18:38:38"}
{"level":"info","message":"MongoDB connected...","service":"user-service","timestamp":"2024-08-16 18:38:56"}
{"level":"info","message":"Server running on port 8080","service":"user-service","timestamp":"2024-08-16 18:38:56"}
{"level":"info","message":"MongoDB connected...","service":"user-service","timestamp":"2024-08-16 18:39:07"}
{"level":"info","message":"Server running on port 8080","service":"user-service","timestamp":"2024-08-16 18:39:07"}
{"level":"info","message":"MongoDB connected...","service":"user-service","timestamp":"2024-08-16 18:39:14"}
{"level":"info","message":"Server running on port 8080","service":"user-service","timestamp":"2024-08-16 18:39:14"}
{"level":"info","message":"MongoDB connected...","service":"user-service","timestamp":"2024-08-16 18:39:26"}
{"level":"info","message":"Server running on port 8080","service":"user-service","timestamp":"2024-08-16 18:39:26"}
{"level":"info","message":"MongoDB connected...","service":"user-service","timestamp":"2024-08-16 18:39:31"}
{"level":"info","message":"Server running on port 8080","service":"user-service","timestamp":"2024-08-16 18:39:31"}
{"level":"info","message":"MongoDB connected...","service":"user-service","timestamp":"2024-08-16 18:41:06"}
{"level":"info","message":"Server running on port 8080","service":"user-service","timestamp":"2024-08-16 18:41:06"}
{"level":"info","message":"MongoDB connected...","service":"user-service","timestamp":"2024-08-16 18:43:06"}
{"level":"info","message":"Server running on port 8080","service":"user-service","timestamp":"2024-08-16 18:43:06"}
{"level":"info","message":"MongoDB connected...","service":"user-service","timestamp":"2024-08-16 19:02:36"}
{"level":"info","message":"Server running on port 8080","service":"user-service","timestamp":"2024-08-16 19:02:36"}
{"level":"info","message":"MongoDB connected...","service":"user-service","timestamp":"2024-08-16 19:12:31"}
{"level":"info","message":"Server running on port 8080","service":"user-service","timestamp":"2024-08-16 19:12:31"}
{"level":"info","message":"MongoDB connected...","service":"user-service","timestamp":"2024-08-16 19:12:36"}
{"level":"info","message":"Server running on port 8080","service":"user-service","timestamp":"2024-08-16 19:12:36"}
{"level":"info","message":"MongoDB connected...","service":"user-service","timestamp":"2024-08-16 19:12:42"}
{"level":"info","message":"Server running on port 8080","service":"user-service","timestamp":"2024-08-16 19:12:42"}
{"level":"info","message":"MongoDB connected...","service":"user-service","timestamp":"2024-08-16 19:47:59"}
{"level":"info","message":"Server running on port 8080","service":"user-service","timestamp":"2024-08-16 19:47:59"}
{"level":"info","message":"MongoDB connected...","service":"user-service","timestamp":"2024-08-16 19:48:04"}
{"level":"info","message":"Server running on port 8080","service":"user-service","timestamp":"2024-08-16 19:48:04"}
{"level":"info","message":"MongoDB connected...","service":"user-service","timestamp":"2024-08-16 19:54:27"}
{"level":"info","message":"Server running on port 8080","service":"user-service","timestamp":"2024-08-16 19:54:27"}
{"level":"info","message":"MongoDB connected...","service":"user-service","timestamp":"2024-08-16 19:54:32"}
{"level":"info","message":"Server running on port 8080","service":"user-service","timestamp":"2024-08-16 19:54:32"}
{"level":"info","message":"MongoDB connected...","service":"user-service","timestamp":"2024-08-16 19:54:40"}
{"level":"info","message":"Server running on port 8080","service":"user-service","timestamp":"2024-08-16 19:54:40"}
{"level":"info","message":"MongoDB connected...","service":"user-service","timestamp":"2024-08-16 19:54:47"}
{"level":"info","message":"Server running on port 8080","service":"user-service","timestamp":"2024-08-16 19:54:47"}
{"level":"info","message":"MongoDB connected...","service":"user-service","timestamp":"2024-08-16 19:54:58"}
{"level":"info","message":"Server running on port 8080","service":"user-service","timestamp":"2024-08-16 19:54:58"}
{"level":"info","message":"MongoDB connected...","service":"user-service","timestamp":"2024-08-16 19:55:10"}
{"level":"info","message":"Server running on port 8080","service":"user-service","timestamp":"2024-08-16 19:55:10"}
{"level":"info","message":"MongoDB connected...","service":"user-service","timestamp":"2024-08-16 19:55:25"}
{"level":"info","message":"Server running on port 8080","service":"user-service","timestamp":"2024-08-16 19:55:25"}
{"level":"info","message":"MongoDB connected...","service":"user-service","timestamp":"2024-08-16 20:01:52"}
{"level":"info","message":"Server running on port 8080","service":"user-service","timestamp":"2024-08-16 20:01:52"}
{"level":"info","message":"MongoDB connected...","service":"user-service","timestamp":"2024-08-16 20:06:06"}
{"level":"info","message":"Server running on port 8080","service":"user-service","timestamp":"2024-08-16 20:06:06"}
{"level":"info","message":"MongoDB connected...","service":"user-service","timestamp":"2024-08-16 20:12:05"}
{"level":"info","message":"Server running on port 8080","service":"user-service","timestamp":"2024-08-16 20:12:05"}
{"level":"info","message":"MongoDB connected...","service":"user-service","timestamp":"2024-08-16 20:12:08"}
{"level":"info","message":"Server running on port 8080","service":"user-service","timestamp":"2024-08-16 20:12:08"}
{"level":"info","message":"MongoDB connected...","service":"user-service","timestamp":"2024-08-16 20:43:31"}
{"level":"info","message":"Server running on port 8080","service":"user-service","timestamp":"2024-08-16 20:43:31"}
{"level":"info","message":"MongoDB connected...","service":"user-service","timestamp":"2024-08-16 20:43:56"}
{"level":"info","message":"Server running on port 8080","service":"user-service","timestamp":"2024-08-16 20:43:56"}
{"level":"info","message":"MongoDB connected...","service":"user-service","timestamp":"2024-08-16 20:44:06"}
{"level":"info","message":"Server running on port 8080","service":"user-service","timestamp":"2024-08-16 20:44:06"}
{"level":"info","message":"MongoDB connected...","service":"user-service","timestamp":"2024-08-16 20:56:46"}
{"level":"info","message":"Server running on port 8080","service":"user-service","timestamp":"2024-08-16 20:56:46"}
{"level":"info","message":"MongoDB connected...","service":"user-service","timestamp":"2024-08-16 20:57:53"}
{"level":"info","message":"Server running on port 8080","service":"user-service","timestamp":"2024-08-16 20:57:53"}
{"level":"info","message":"MongoDB connected...","service":"user-service","timestamp":"2024-08-16 20:58:23"}
{"level":"info","message":"Server running on port 8080","service":"user-service","timestamp":"2024-08-16 20:58:23"}
{"level":"info","message":"MongoDB connected...","service":"user-service","timestamp":"2024-08-16 21:03:28"}
{"level":"info","message":"Server running on port 8080","service":"user-service","timestamp":"2024-08-16 21:03:28"}
{"level":"info","message":"MongoDB connected...","service":"user-service","timestamp":"2024-08-16 21:04:27"}
{"level":"info","message":"Server running on port 8080","service":"user-service","timestamp":"2024-08-16 21:04:27"}
{"level":"error","message":"500 - No default engine was specified and no extension was provided. - /login - GET - ::1","service":"user-service","timestamp":"2024-08-16 21:11:33"}
{"level":"error","message":"500 - No default engine was specified and no extension was provided. - /login - GET - ::1","service":"user-service","timestamp":"2024-08-16 21:14:37"}
{"level":"info","message":"MongoDB connected...","service":"user-service","timestamp":"2024-08-16 21:15:12"}
{"level":"info","message":"Server running on port 8080","service":"user-service","timestamp":"2024-08-16 21:15:12"}
{"level":"error","message":"500 - No default engine was specified and no extension was provided. - /login - GET - ::1","service":"user-service","timestamp":"2024-08-16 21:15:31"}
{"level":"error","message":"500 - No default engine was specified and no extension was provided. - /login - GET - ::1","service":"user-service","timestamp":"2024-08-16 21:20:30"}
{"level":"error","message":"500 - No default engine was specified and no extension was provided. - /login - GET - ::1","service":"user-service","timestamp":"2024-08-16 21:22:54"}
{"level":"error","message":"500 - No default engine was specified and no extension was provided. - /login - GET - ::1","service":"user-service","timestamp":"2024-08-16 21:23:43"}
{"level":"error","message":"500 - No default engine was specified and no extension was provided. - /login - GET - ::1","service":"user-service","timestamp":"2024-08-16 21:25:41"}
{"level":"info","message":"MongoDB connected...","service":"user-service","timestamp":"2024-08-16 21:27:50"}
{"level":"info","message":"Server running on port 8080","service":"user-service","timestamp":"2024-08-16 21:27:50"}
{"level":"info","message":"MongoDB connected...","service":"user-service","timestamp":"2024-08-16 21:35:53"}
{"level":"info","message":"Server running on port 8080","service":"user-service","timestamp":"2024-08-16 21:35:53"}
{"level":"info","message":"MongoDB connected...","service":"user-service","timestamp":"2024-08-16 21:37:50"}
{"level":"info","message":"Server running on port 8080","service":"user-service","timestamp":"2024-08-16 21:37:50"}
{"level":"info","message":"MongoDB connected...","service":"user-service","timestamp":"2024-08-16 21:37:57"}
{"level":"info","message":"Server running on port 8080","service":"user-service","timestamp":"2024-08-16 21:37:57"}
{"level":"info","message":"MongoDB connected...","service":"user-service","timestamp":"2024-08-16 21:38:02"}
{"level":"info","message":"Server running on port 8080","service":"user-service","timestamp":"2024-08-16 21:38:02"}
{"level":"info","message":"MongoDB connected...","service":"user-service","timestamp":"2024-08-16 21:56:45"}
{"level":"info","message":"Server running on port 8080","service":"user-service","timestamp":"2024-08-16 21:56:45"}
{"level":"info","message":"MongoDB connected...","service":"user-service","timestamp":"2024-08-16 21:57:47"}
{"level":"info","message":"Server running on port 8080","service":"user-service","timestamp":"2024-08-16 21:57:47"}
{"level":"info","message":"MongoDB connected...","service":"user-service","timestamp":"2024-08-16 21:57:59"}
{"level":"info","message":"Server running on port 8080","service":"user-service","timestamp":"2024-08-16 21:57:59"}
{"level":"info","message":"MongoDB connected...","service":"user-service","timestamp":"2024-08-16 22:09:48"}
{"level":"info","message":"Server running on port 8080","service":"user-service","timestamp":"2024-08-16 22:09:48"}
{"level":"info","message":"MongoDB connected...","service":"user-service","timestamp":"2024-08-16 22:13:19"}
{"level":"info","message":"Server running on port 8080","service":"user-service","timestamp":"2024-08-16 22:13:19"}
{"level":"info","message":"MongoDB connected...","service":"user-service","timestamp":"2024-08-16 22:14:22"}
{"level":"info","message":"Server running on port 8080","service":"user-service","timestamp":"2024-08-16 22:14:22"}
{"level":"info","message":"MongoDB connected...","service":"user-service","timestamp":"2024-08-16 22:14:56"}
{"level":"info","message":"Server running on port 8080","service":"user-service","timestamp":"2024-08-16 22:14:56"}
{"level":"info","message":"MongoDB connected...","service":"user-service","timestamp":"2024-08-16 22:15:09"}
{"level":"info","message":"Server running on port 8080","service":"user-service","timestamp":"2024-08-16 22:15:09"}
{"level":"info","message":"MongoDB connected...","service":"user-service","timestamp":"2024-08-16 22:18:14"}
{"level":"info","message":"Server running on port 8080","service":"user-service","timestamp":"2024-08-16 22:18:14"}
{"level":"info","message":"MongoDB connected...","service":"user-service","timestamp":"2024-08-16 22:27:56"}
{"level":"info","message":"Server running on port 8080","service":"user-service","timestamp":"2024-08-16 22:27:56"}
{"level":"info","message":"MongoDB connected...","service":"user-service","timestamp":"2024-08-16 22:29:10"}
{"level":"info","message":"Server running on port 8080","service":"user-service","timestamp":"2024-08-16 22:29:10"}
{"level":"info","message":"MongoDB connected...","service":"user-service","timestamp":"2024-08-16 22:32:40"}
{"level":"info","message":"Server running on port 8080","service":"user-service","timestamp":"2024-08-16 22:32:40"}
{"level":"info","message":"MongoDB connected...","service":"user-service","timestamp":"2024-08-16 22:45:20"}
{"level":"info","message":"Server running on port 8080","service":"user-service","timestamp":"2024-08-16 22:45:20"}
{"level":"error","message":"500 - No default engine was specified and no extension was provided. - /reset-password?token=8085b0e75275c03b2df133b390852b51ebb060553f596be2bc9874a8b7565f1e - GET - ::1","service":"user-service","timestamp":"2024-08-16 22:47:36"}
{"level":"info","message":"MongoDB connected...","service":"user-service","timestamp":"2024-08-16 22:53:49"}
{"level":"info","message":"Server running on port 8080","service":"user-service","timestamp":"2024-08-16 22:53:49"}
{"level":"error","message":"500 - No default engine was specified and no extension was provided. - /reset-password?token=8085b0e75275c03b2df133b390852b51ebb060553f596be2bc9874a8b7565f1e - GET - ::1","service":"user-service","timestamp":"2024-08-16 22:54:14"}
{"level":"error","message":"500 - No default engine was specified and no extension was provided. - /reset-password?token=8085b0e75275c03b2df133b390852b51ebb060553f596be2bc9874a8b7565f1e - GET - ::1","service":"user-service","timestamp":"2024-08-16 22:54:16"}
{"level":"error","message":"500 - No default engine was specified and no extension was provided. - /reset-password?token=8085b0e75275c03b2df133b390852b51ebb060553f596be2bc9874a8b7565f1e - GET - ::1","service":"user-service","timestamp":"2024-08-16 22:54:18"}
{"level":"error","message":"500 - No default engine was specified and no extension was provided. - /reset-password?token=8085b0e75275c03b2df133b390852b51ebb060553f596be2bc9874a8b7565f1e - GET - ::1","service":"user-service","timestamp":"2024-08-16 22:54:32"}
{"level":"error","message":"500 - No default engine was specified and no extension was provided. - /reset-password?token=8085b0e75275c03b2df133b390852b51ebb060553f596be2bc9874a8b7565f1e - GET - ::1","service":"user-service","timestamp":"2024-08-16 22:54:52"}
{"level":"info","message":"MongoDB connected...","service":"user-service","timestamp":"2024-08-16 22:55:12"}
{"level":"info","message":"Server running on port 8080","service":"user-service","timestamp":"2024-08-16 22:55:12"}
{"level":"info","message":"MongoDB connected...","service":"user-service","timestamp":"2024-08-16 23:02:20"}
{"level":"info","message":"Server running on port 8080","service":"user-service","timestamp":"2024-08-16 23:02:20"}
{"level":"error","message":"500 - No default engine was specified and no extension was provided. - /login - GET - ::1","service":"user-service","timestamp":"2024-08-16 23:12:19"}
{"level":"error","message":"500 - No default engine was specified and no extension was provided. - /login - GET - ::1","service":"user-service","timestamp":"2024-08-16 23:12:21"}
{"level":"error","message":"500 - No default engine was specified and no extension was provided. - /login - GET - ::1","service":"user-service","timestamp":"2024-08-16 23:12:28"}
{"level":"error","message":"500 - No default engine was specified and no extension was provided. - /login - GET - ::1","service":"user-service","timestamp":"2024-08-16 23:12:30"}
{"level":"error","message":"500 - No default engine was specified and no extension was provided. - /login - GET - ::1","service":"user-service","timestamp":"2024-08-16 23:12:30"}
{"level":"error","message":"500 - No default engine was specified and no extension was provided. - /login - GET - ::1","service":"user-service","timestamp":"2024-08-16 23:12:31"}
{"level":"error","message":"500 - No default engine was specified and no extension was provided. - /login - GET - ::1","service":"user-service","timestamp":"2024-08-16 23:12:31"}
{"level":"error","message":"500 - No default engine was specified and no extension was provided. - /login - GET - ::1","service":"user-service","timestamp":"2024-08-16 23:12:32"}
{"level":"error","message":"500 - No default engine was specified and no extension was provided. - /login - GET - ::1","service":"user-service","timestamp":"2024-08-16 23:12:32"}
{"level":"error","message":"500 - No default engine was specified and no extension was provided. - /login - GET - ::1","service":"user-service","timestamp":"2024-08-16 23:12:41"}
{"level":"error","message":"500 - No default engine was specified and no extension was provided. - /login - GET - ::1","service":"user-service","timestamp":"2024-08-16 23:12:43"}
{"level":"error","message":"500 - No default engine was specified and no extension was provided. - /login - GET - ::1","service":"user-service","timestamp":"2024-08-16 23:12:43"}
{"level":"error","message":"500 - No default engine was specified and no extension was provided. - /login - GET - ::1","service":"user-service","timestamp":"2024-08-16 23:12:43"}
{"level":"error","message":"500 - No default engine was specified and no extension was provided. - /login - GET - ::1","service":"user-service","timestamp":"2024-08-16 23:12:43"}
{"level":"error","message":"500 - No default engine was specified and no extension was provided. - /login - GET - ::1","service":"user-service","timestamp":"2024-08-16 23:12:43"}
{"level":"error","message":"500 - No default engine was specified and no extension was provided. - /login - GET - ::1","service":"user-service","timestamp":"2024-08-16 23:14:16"}
{"level":"error","message":"500 - No default engine was specified and no extension was provided. - /login - GET - ::1","service":"user-service","timestamp":"2024-08-16 23:14:17"}
{"level":"error","message":"500 - No default engine was specified and no extension was provided. - /login - GET - ::1","service":"user-service","timestamp":"2024-08-16 23:14:18"}
{"level":"error","message":"500 - No default engine was specified and no extension was provided. - /login - GET - ::1","service":"user-service","timestamp":"2024-08-16 23:14:18"}
{"level":"error","message":"500 - No default engine was specified and no extension was provided. - /login - GET - ::1","service":"user-service","timestamp":"2024-08-16 23:14:18"}
{"level":"error","message":"500 - No default engine was specified and no extension was provided. - /login - GET - ::1","service":"user-service","timestamp":"2024-08-16 23:14:18"}
{"level":"error","message":"500 - No default engine was specified and no extension was provided. - /login - GET - ::1","service":"user-service","timestamp":"2024-08-16 23:14:19"}
{"level":"error","message":"500 - No default engine was specified and no extension was provided. - /login - GET - ::1","service":"user-service","timestamp":"2024-08-16 23:14:19"}
{"level":"error","message":"500 - No default engine was specified and no extension was provided. - /login - GET - ::1","service":"user-service","timestamp":"2024-08-16 23:14:19"}
{"level":"error","message":"500 - No default engine was specified and no extension was provided. - /login - GET - ::1","service":"user-service","timestamp":"2024-08-16 23:14:20"}
{"level":"error","message":"500 - No default engine was specified and no extension was provided. - /login - GET - ::1","service":"user-service","timestamp":"2024-08-16 23:14:20"}
{"level":"error","message":"500 - No default engine was specified and no extension was provided. - /login - GET - ::1","service":"user-service","timestamp":"2024-08-16 23:14:20"}
{"level":"error","message":"500 - No default engine was specified and no extension was provided. - /login - GET - ::1","service":"user-service","timestamp":"2024-08-16 23:14:21"}
{"level":"error","message":"500 - No default engine was specified and no extension was provided. - /login - GET - ::1","service":"user-service","timestamp":"2024-08-16 23:14:21"}
{"level":"error","message":"500 - No default engine was specified and no extension was provided. - /login - GET - ::1","service":"user-service","timestamp":"2024-08-16 23:14:21"}
{"level":"error","message":"500 - No default engine was specified and no extension was provided. - /login - GET - ::1","service":"user-service","timestamp":"2024-08-16 23:14:22"}
{"level":"error","message":"500 - No default engine was specified and no extension was provided. - /login - GET - ::1","service":"user-service","timestamp":"2024-08-16 23:14:23"}
{"level":"error","message":"500 - No default engine was specified and no extension was provided. - /login - GET - ::1","service":"user-service","timestamp":"2024-08-16 23:14:23"}
{"level":"error","message":"500 - No default engine was specified and no extension was provided. - /login - GET - ::1","service":"user-service","timestamp":"2024-08-16 23:14:23"}
{"level":"error","message":"500 - No default engine was specified and no extension was provided. - /login - GET - ::1","service":"user-service","timestamp":"2024-08-16 23:14:24"}
{"level":"error","message":"500 - No default engine was specified and no extension was provided. - /login - GET - ::1","service":"user-service","timestamp":"2024-08-16 23:14:24"}
{"level":"error","message":"500 - No default engine was specified and no extension was provided. - /login - GET - ::1","service":"user-service","timestamp":"2024-08-16 23:14:25"}
{"level":"error","message":"500 - No default engine was specified and no extension was provided. - /login - GET - ::1","service":"user-service","timestamp":"2024-08-16 23:14:25"}
{"level":"error","message":"500 - No default engine was specified and no extension was provided. - /login - GET - ::1","service":"user-service","timestamp":"2024-08-16 23:14:25"}
{"level":"error","message":"500 - No default engine was specified and no extension was provided. - /login - GET - ::1","service":"user-service","timestamp":"2024-08-16 23:17:16"}
{"level":"error","message":"500 - No default engine was specified and no extension was provided. - /login - GET - ::1","service":"user-service","timestamp":"2024-08-16 23:41:25"}
